<?xml version="1.0" encoding="UTF-8"?>
<testsuite xmlns:xsi="http://www.w3.org/2001/XMLSchema-instance" xsi:noNamespaceSchemaLocation="https://maven.apache.org/surefire/maven-surefire-plugin/xsd/surefire-test-report-3.0.xsd" version="3.0" name="com.redisfeatureflags.unit.EvaluatorUnitTest" time="0.051" tests="16" errors="0" skipped="0" failures="0">
  <properties>
[...]
</properties>
  <testcase name="userNotInCohortReturnsFalse" classname="com.redisfeatureflags.unit.EvaluatorUnitTest" time="0.006"/>
  <testcase name="enabledFlagZeroRolloutReturnsFalse" classname="com.redisfeatureflags.unit.EvaluatorUnitTest" time="0.005"/>
  <testcase name="userInCohortReturnsTrue" classname="com.redisfeatureflags.unit.EvaluatorUnitTest" time="0.004"/>
  <testcase name="resultServedFromCacheOnSecondCall" classname="com.redisfeatureflags.unit.EvaluatorUnitTest" time="0.004"/>
  <testcase name="futureExpiryDoesNotBlock" classname="com.redisfeatureflags.unit.EvaluatorUnitTest" time="0.003"/>
  <testcase name="rollout100ReturnsTrue" classname="com.redisfeatureflags.unit.EvaluatorUnitTest" time="0.002"/>
  <testcase name="userInAllowlistReturnsTrue" classname="com.redisfeatureflags.unit.EvaluatorUnitTest" time="0.002"/>
  <testcase name="expiredFlagReturnsFalse" classname="com.redisfeatureflags.unit.EvaluatorUnitTest" time="0.002"/>
  <testcase name="disabledOverridesAllowlist" classname="com.redisfeatureflags.unit.EvaluatorUnitTest" time="0.002"/>
  <testcase name="disabledFlagReturnsFalse" classname="com.redisfeatureflags.unit.EvaluatorUnitTest" time="0.002"/>
  <testcase name="userNotInAllowlistContinuesToRollout" classname="com.redisfeatureflags.unit.EvaluatorUnitTest" time="0.002"/>
  <testcase name="missingFlagReturnsCustomDefault" classname="com.redisfeatureflags.unit.EvaluatorUnitTest" time="0.002"/>
  <testcase name="missingFlagReturnsDefaultFalse" classname="com.redisfeatureflags.unit.EvaluatorUnitTest" time="0.001"/>
  <testcase name="redisDownReturnsStaleCacheIfAvailable" classname="com.redisfeatureflags.unit.EvaluatorUnitTest" time="0.003"/>
  <testcase name="allowlistTakesPriorityOverRollout" classname="com.redisfeatureflags.unit.EvaluatorUnitTest" time="0.002"/>
  <testcase name="redisDownNoCacheReturnsDefault" classname="com.redisfeatureflags.unit.EvaluatorUnitTest" time="0.002"/>
</testsuite>